This is TeX, Version 3.1415 (C version 6.1) (format=latex 94.10.6)  11 FEB 1999 18:18
**&latex2e images.tex
(images.tex
LaTeX2e <1994/06/01> patch level 4

(/usr/local/lib/texmf/tex/latex2e/base/book.cls
Document Class: book 1994/07/13 v1.2u Standard LaTeX document class
(/usr/local/lib/texmf/tex/latex2e/base/bk11.clo
File: bk11.clo 1994/07/13 v1.2u Standard LaTeX file (size option)
)
\c@part=\count82
\c@chapter=\count83
\c@section=\count84
\c@subsection=\count85
\c@subsubsection=\count86
\c@paragraph=\count87
\c@subparagraph=\count88
\c@figure=\count89
\c@table=\count90
\abovecaptionskip=\skip41
\belowcaptionskip=\skip42
\bibindent=\dimen102
) (/usr/local/lib/texmf/tex/latex2e/base/fontenc.sty
Package: fontenc 1994/05/18 Standard LaTeX package
) (/usr/local/lib/texmf/tex/latex2e/base/palatino.sty
Package: palatino 94/06/18 4 PSNFSS2e LaTeX2e package
) (/usr/local/lib/texmf/tex/latex2e/base/a4.sty
Package: a4 1994/03/15 1.2c A4 based page layout
)
\lthtmlwrite=\write4
\sizebox=\box25
(images.aux)
LaTeX Font Info:    Checking defaults for T1/cmr/m/n on input line 19.
LaTeX Font Info:    ... okay on input line 19.
LaTeX Font Info:    Checking defaults for OT1/cmr/m/n on input line 19.
LaTeX Font Info:    ... okay on input line 19.
LaTeX Font Info:    Checking defaults for OML/cmm/m/it on input line 19.
LaTeX Font Info:    ... okay on input line 19.
LaTeX Font Info:    Checking defaults for OMS/cmsy/m/n on input line 19.
LaTeX Font Info:    ... okay on input line 19.
LaTeX Font Info:    Checking defaults for OMX/cmex/m/n on input line 19.
LaTeX Font Info:    ... okay on input line 19.
LaTeX Font Info:    Checking defaults for U/cmr/m/n on input line 19.
LaTeX Font Info:    ... okay on input line 19.
LaTeX Font Info:    Try loading font information for OT1+ppl on input line 19.
(/usr/local/lib/texmf/tex/latex2e/base/OT1ppl.fd)
LaTeX Info: Redefining \" on input line 19.
LaTeX Info: Redefining \" on input line 19.
LaTeX Font Info:    External font `cmex10' loaded for size
(Font)              <10.95> on input line 32.
LaTeX Font Info:    External font `cmex10' loaded for size
(Font)              <8> on input line 32.
LaTeX Font Info:    External font `cmex10' loaded for size
(Font)              <6> on input line 32.
latex2htmlSize :tex2html_wrap_inline2234: 8.2125pt::2.73749pt.
[1


]
latex2htmlSize :tex2html_wrap_inline2236: 8.2125pt::2.73749pt.
[2

]
latex2htmlSize :tex2html_wrap_inline2238: 8.2125pt::2.73749pt.
[3

]
latex2htmlSize :tex2html_wrap_inline2240: 8.2125pt::2.73749pt.
[4

]
latex2htmlSize :tex2html_wrap_inline2242: 8.2125pt::2.73749pt.
[5

]
latex2htmlSize :tex2html_wrap_inline2244: 8.2125pt::2.73749pt.
[6

]
latex2htmlSize :tex2html_wrap_inline2246: 8.2125pt::2.73749pt.
[7

]
latex2htmlSize :tex2html_wrap_inline2248: 8.2125pt::2.73749pt.
[8

]
LaTeX Font Info:    Try loading font information for OT1+pcr on input line 77.
(/usr/local/lib/texmf/tex/latex2e/base/OT1pcr.fd)
Overfull \hbox (48.95953pt too wide) in paragraph at lines 73--109
[][]
 []


Underfull \hbox (badness 10000) in paragraph at lines 73--109

 []

[9

]
latex2htmlSize :tex2html_wrap_inline2250: 4.01727pt::0.0pt.
[10

]
latex2htmlSize :tex2html_wrap_inline2252: 4.01727pt::0.0pt.
[11

]
latex2htmlSize :tex2html_wrap_inline2254: 4.01727pt::0.0pt.
[12

]
latex2htmlSize :tex2html_wrap_inline2256: 4.01727pt::0.0pt.
[13

]
LaTeX Font Info:    Font shape `OT1/ppl/bx/n' in size <10.95> not available
(Font)              Font shape `OT1/ppl/b/n' tried instead on input line 206.

Overfull \hbox (1.27081pt too wide) in paragraph at lines 205--212
[][]
 []


Underfull \hbox (badness 10000) in paragraph at lines 205--212

 []

[14

] (images.aux) ) 
Here is how much of TeX's memory you used:
 387 strings out of 11043
 4154 string characters out of 75311
 48098 words of memory out of 262141
 3204 multiletter control sequences out of 9500
 7405 words of font info for 26 fonts, out of 100000 for 255
 14 hyphenation exceptions out of 607
 21i,7n,21p,189b,244s stack positions out of 300i,40n,60p,3000b,4000s

Output written on images.dvi (14 pages, 3652 bytes).
