
Tue Sep 28 11:39:14 BST 1999 djr
================================

- Removed pretty-printing of object keys from object adapters.

src/lib/omniORB2/orbcore/corbaBoa.cc
src/lib/omniORB2/orbcore/corbaBoa.h
src/lib/omniORB2/orbcore/logIOstream.cc
src/lib/omniORB2/orbcore/objectAdapter.h
src/lib/omniORB2/orbcore/poa.cc
src/lib/omniORB2/orbcore/poaimpl.h
src/lib/omniORB2/orbcore/remoteIdentity.cc


Tue Sep 28 10:33:30 BST 1999 djr
================================

- Corrected declaration of ObjectId_to_string and string_to_ObjectId.

include/omniORB3/poa.h

- Properly escape characters in include file guards.
  Removed dangerous default argument to StringBuf constructor.

src/tool/omniidl2/omniORB2_be/o2be_root.cc

- Check for zero length 'operation' string when unmarshalling GIOP
  Request header.  Fixed bug -- 'principal' field need not be zero
  terminated.

src/lib/omniORB2/orbcore/giopServer.cc

