Mon Mar  1 16:09:32 GMT 2010 dgrisby
====================================

- Merge changes from 4_1 branch, up to r5946.

modules/pyObjectRef.cc
omniidl_be/python.py
python/omniORB/__init__.py


Wed Oct  7 16:46:32 BST 2009 dgrisby
====================================

- Name update.

contrib/RPMs/omniORBpy_new.spec


Thu Sep 24 11:06:54 BST 2009 dgrisby
====================================

- Update spec files.

contrib/RPMs/omniORBpy.spec
contrib/RPMs/omniORBpy_new.spec


Thu Sep 24 11:04:21 BST 2009 dgrisby
====================================

- Fix some compiler warnings.

modules/pyFixed.cc
modules/pyFixed.cc


Fri Jul 24 00:15:32 BST 2009 dgrisby
====================================

- Start of the omniORBpy 4.2.x development branch.
