This is TeX, Version 3.1415 (C version 6.1) (format=latex 94.10.6)  9 MAY 1997 10:51
**&latex2e images.tex
(images.tex
LaTeX2e <1994/06/01> patch level 4

(/usr/local/lib/texmf/tex/latex2e/base/article.cls
Document Class: article 1994/07/13 v1.2u Standard LaTeX document class
(/usr/local/lib/texmf/tex/latex2e/base/size11.clo
File: size11.clo 1994/07/13 v1.2u Standard LaTeX file (size option)
)
\c@part=\count82
\c@section=\count83
\c@subsection=\count84
\c@subsubsection=\count85
\c@paragraph=\count86
\c@subparagraph=\count87
\c@figure=\count88
\c@table=\count89
\abovecaptionskip=\skip41
\belowcaptionskip=\skip42
\bibindent=\dimen102
) (/usr/local/lib/texmf/tex/latex2e/base/fontenc.sty
Package: fontenc 1994/05/18 Standard LaTeX package
) (/usr/local/lib/texmf/tex/latex2e/base/palatino.sty
Package: palatino 94/06/18 4 PSNFSS2e LaTeX2e package
) (/usr/local/lib/texmf/tex/latex2e/base/a4.sty
Package: a4 1994/03/15 1.2c A4 based page layout
)
\lthtmlwrite=\write4
\sizebox=\box25
(images.aux)
LaTeX Font Info:    Checking defaults for T1/cmr/m/n on input line 25.
LaTeX Font Info:    ... okay on input line 25.
LaTeX Font Info:    Checking defaults for OT1/cmr/m/n on input line 25.
LaTeX Font Info:    ... okay on input line 25.
LaTeX Font Info:    Checking defaults for OML/cmm/m/it on input line 25.
LaTeX Font Info:    ... okay on input line 25.
LaTeX Font Info:    Checking defaults for OMS/cmsy/m/n on input line 25.
LaTeX Font Info:    ... okay on input line 25.
LaTeX Font Info:    Checking defaults for OMX/cmex/m/n on input line 25.
LaTeX Font Info:    ... okay on input line 25.
LaTeX Font Info:    Checking defaults for U/cmr/m/n on input line 25.
LaTeX Font Info:    ... okay on input line 25.
LaTeX Font Info:    Try loading font information for OT1+ppl on input line 25.
(/usr/local/lib/texmf/tex/latex2e/base/OT1ppl.fd)
LaTeX Info: Redefining \" on input line 25.
LaTeX Info: Redefining \" on input line 25.
LaTeX Font Info:    External font `cmex10' loaded for size
(Font)              <10.95> on input line 30.
LaTeX Font Info:    External font `cmex10' loaded for size
(Font)              <8> on input line 30.
LaTeX Font Info:    External font `cmex10' loaded for size
(Font)              <6> on input line 30.
LaTeX Font Info:    Try loading font information for OT1+pcr on input line 31.
(/usr/local/lib/texmf/tex/latex2e/base/OT1pcr.fd) [1


]
Overfull \hbox (40.75401pt too wide) in paragraph at lines 39--45
[][]
 []


Underfull \hbox (badness 10000) in paragraph at lines 39--45

 []

[2

] (images.aux) ) 
Here is how much of TeX's memory you used:
 335 strings out of 11043
 3585 string characters out of 75311
 44830 words of memory out of 262141
 3153 multiletter control sequences out of 9500
 7023 words of font info for 25 fonts, out of 100000 for 255
 14 hyphenation exceptions out of 607
 21i,7n,21p,143b,244s stack positions out of 300i,40n,60p,3000b,4000s

Output written on images.dvi (2 pages, 516 bytes).
